<?xml version="1.0" encoding="UTF-8" ?>
<testsuite 
errors="0" failures="0" hostname="alex-PC" name="scala.practice.fxcalculator.domain.CalculatorTest" tests="5" time="0.026" timestamp="2015-08-11T10:33:56">
  <properties>
[...]
</properties>
  <testcase 
  name="Basic addition" classname="scala.practice.fxcalculator.domain.CalculatorTest" time="0.011">
</testcase>
  <testcase 
  name="Basic substraction" classname="scala.practice.fxcalculator.domain.CalculatorTest" time="0.0">
</testcase>
  <testcase 
  name="Basic multiplication" classname="scala.practice.fxcalculator.domain.CalculatorTest" time="0.0">
</testcase>
  <testcase 
  name="Basic division" classname="scala.practice.fxcalculator.domain.CalculatorTest" time="0.0">
</testcase>
  <testcase 
  name="Mixed operators" classname="scala.practice.fxcalculator.domain.CalculatorTest" time="0.0">
</testcase>
  <system-out><![CDATA[]]></system-out>
  <system-err><![CDATA[]]></system-err>
</testsuite>
